<?xml version="1.0" encoding="UTF-8"?>
<testsuite name="GameTest" tests="7" skipped="0" failures="0" errors="0" timestamp="2016-09-08T18:30:15" hostname="epicodus-8.local" time="0.002">
  <properties/>
  <testcase name="runGame_instantiatesCorrectly" classname="GameTest" time="0.001"/>
  <testcase name="runGame_updateAndPlayWholeWord" classname="GameTest" time="0.0"/>
  <testcase name="runGame_updateAndPlayletters_1" classname="GameTest" time="0.0"/>
  <testcase name="runGame_returnHide" classname="GameTest" time="0.0"/>
  <testcase name="runGame_returnWord" classname="GameTest" time="0.0"/>
  <testcase name="runGame_updateAndPlayletter_1" classname="GameTest" time="0.0"/>
  <testcase name="runGame_updateAndPlayletter_2" classname="GameTest" time="0.0"/>
  <system-out><![CDATA[]]></system-out>
  <system-err><![CDATA[]]></system-err>
</testsuite>
